Done.
entered email id
switched frame
in get_email.....
['May 19, 2022 at 3:50 am', 'WISHUPONAWAND.COM', 'Success\nInstalled', '']
['May 18, 2022 at 9:31 pm', 'White Peony Emporium', 'Attention\nUninstalled', 'I found a better app']
['May 18, 2022 at 7:01 pm', 'Donna Comfort', 'Attention\nUninstalled', '']
['May 18, 2022 at 6:56 pm', 'Donna Comfort', 'Success\nInstalled', '']
['May 18, 2022 at 9:09 am', 'Dare To Be Pretty', 'Attention\nUninstalled', '']
['May 18, 2022 at 9:08 am', 'Dare To Be Pretty', 'Success\nInstalled', '']
['May 18, 2022 at 7:43 am', 'Lola Butterfly', 'Attention\nClosed Store', '']
['May 18, 2022 at 7:37 am', 'Oh She BEYOUTIFUL Collection', 'Attention\nClosed Store', '']
['May 18, 2022 at 7:34 am', 'L.M.C Cosmetics', 'Attention\nClosed Store', '']
['May 17, 2022 at 9:20 pm', 'Unplug Art Experience DBA', 'Attention\nClosed Store', '']
['May 17, 2022 at 4:32 pm', 'Krubi creative', 'Attention\nUninstalled', 'App is not performing well']
['May 17, 2022 at 4:20 pm', 'Krubi creative', 'Success\nInstalled', '']
['May 17, 2022 at 2:05 am', 'KOMBIO', 'Success\nInstalled', '']
['May 16, 2022 at 4:10 pm', 'Hiepil', 'Attention\nUninstalled', '']
['May 16, 2022 at 4:09 pm', 'Hiepil', 'Success\nInstalled', '']
['May 16, 2022 at 2:56 pm', 'Dariadeco', 'Attention\nClosed Store', '']
['May 16, 2022 at 7:40 am', 'RedSea', 'Attention\nClosed Store', '']
['May 15, 2022 at 7:29 am', 'Car Floats', 'Success\nInstalled', '']
['May 14, 2022 at 8:03 pm', 'naayaa16-377', 'Attention\nUninstalled', '']
['May 14, 2022 at 12:57 pm', 'Mega Gifts', 'Attention\nUninstalled', 'App is not worth the cost; not many animation features, very basic']
newline
[['May 19, 2022 at 3:50 am', 'WISHUPONAWAND.COM', 'Success\nInstalled', ''], ['May 18, 2022 at 9:31 pm', 'White Peony Emporium', 'Attention\nUninstalled', 'I found a better app'], ['May 18, 2022 at 7:01 pm', 'Donna Comfort', 'Attention\nUninstalled', ''], ['May 18, 2022 at 6:56 pm', 'Donna Comfort', 'Success\nInstalled', ''], ['May 18, 2022 at 9:09 am', 'Dare To Be Pretty', 'Attention\nUninstalled', ''], ['May 18, 2022 at 9:08 am', 'Dare To Be Pretty', 'Success\nInstalled', ''], ['May 18, 2022 at 7:43 am', 'Lola Butterfly', 'Attention\nClosed Store', ''], ['May 18, 2022 at 7:37 am', 'Oh She BEYOUTIFUL Collection', 'Attention\nClosed Store', ''], ['May 18, 2022 at 7:34 am', 'L.M.C Cosmetics', 'Attention\nClosed Store', ''], ['May 17, 2022 at 9:20 pm', 'Unplug Art Experience DBA', 'Attention\nClosed Store', ''], ['May 17, 2022 at 4:32 pm', 'Krubi creative', 'Attention\nUninstalled', 'App is not performing well'], ['May 17, 2022 at 4:20 pm', 'Krubi creative', 'Success\nInstalled', ''], ['May 17, 2022 at 2:05 am', 'KOMBIO', 'Success\nInstalled', ''], ['May 16, 2022 at 4:10 pm', 'Hiepil', 'Attention\nUninstalled', ''], ['May 16, 2022 at 4:09 pm', 'Hiepil', 'Success\nInstalled', ''], ['May 16, 2022 at 2:56 pm', 'Dariadeco', 'Attention\nClosed Store', ''], ['May 16, 2022 at 7:40 am', 'RedSea', 'Attention\nClosed Store', ''], ['May 15, 2022 at 7:29 am', 'Car Floats', 'Success\nInstalled', ''], ['May 14, 2022 at 8:03 pm', 'naayaa16-377', 'Attention\nUninstalled', ''], ['May 14, 2022 at 12:57 pm', 'Mega Gifts', 'Attention\nUninstalled', 'App is not worth the cost; not many animation features, very basic']]
chantalfedai@icloud.com

sonakerushi157@gmail.com
Rushi@157
